<?xml version="1.0" encoding="UTF-8"?>
<testng-results skipped="0" failed="0" ignored="0" total="2" passed="2">
  <reporter-output>
  </reporter-output>
  <suite name="Default suite" duration-ms="46" started-at="2021-08-29T15:03:11 IST" finished-at="2021-08-29T15:03:11 IST">
    <groups>
    </groups>
    <test name="Default test" duration-ms="46" started-at="2021-08-29T15:03:11 IST" finished-at="2021-08-29T15:03:11 IST">
      <class name="demos.Firstproject">
        <test-method status="PASS" signature="test1()[pri:0, instance:demos.Firstproject@3b084709]" name="test1" duration-ms="8" started-at="2021-08-29T15:03:11 IST" finished-at="2021-08-29T15:03:11 IST">
          <reporter-output>
          </reporter-output>
        </test-method> <!-- test1 -->
        <test-method status="PASS" signature="test2()[pri:0, instance:demos.Firstproject@3b084709]" name="test2" duration-ms="1" started-at="2021-08-29T15:03:11 IST" finished-at="2021-08-29T15:03:11 IST">
          <reporter-output>
          </reporter-output>
        </test-method> <!-- test2 -->
      </class> <!-- demos.Firstproject -->
    </test> <!-- Default test -->
  </suite> <!-- Default suite -->
</testng-results>
